=== システムログ - 2025-07-25 11:26:40 ===
11:26:41.042 === 株式分析システム起動中 ===
11:26:41.084 起動前ポートチェック実行中...
11:26:41.262 ポート 2002 は利用可能です
11:26:41.343 ポート 2003 は利用可能です
11:26:41.401 ポート 8080 は利用可能です
11:26:41.504 ポート 3000 は利用可能です
11:26:41.506 Transaction サーバー起動中...
11:26:41.544 Transaction起動待機中... (3秒)
11:26:42.064 [Transaction] === Transaction独立サーバー起動 ===
11:26:42.074 [Transaction] === 現在の設定 ===
11:26:42.111 [Transaction] 銘柄数: 300 / 3000
11:26:42.112 [Transaction] 株主数: 50 / 5194
11:26:42.113 [Transaction] 更新間隔: 100ms
11:26:42.114 [Transaction] ================
11:26:42.352 [Transaction] Transaction Socketサーバーが開始されました。ポート: 2002
11:26:42.353 [Transaction] クライアントの接続を待機中...
11:26:44.342 [Transaction] PriceManagerサーバーに接続試行中... (試行 1/10)
11:26:44.363 ERROR: [Transaction] ERROR: PriceManager接続失敗 (試行 1): Connection refused
11:26:44.549 Transaction サーバー起動完了
11:26:44.550 PriceManager サーバー起動中...
11:26:44.559 PriceManager起動待機中... (5秒)
11:26:45.208 [PriceManager] === PriceManager独立サーバー起動 ===
11:26:45.209 [PriceManager] Transactionサーバーに接続中...
11:26:45.341 [Transaction] PriceManager双方向通信に接続中...
11:26:45.343 [Transaction] Transaction サーバー準備完了
11:26:45.344 [Transaction] 機能: 保有株数管理による現実的な売買生成
11:26:45.345 [Transaction] 特徴: 空売りなし、保有状況に応じた確率的売買
11:26:45.346 [Transaction] 条件: PriceManager + StockProcessor 両方接続時のみ取引生成
11:26:45.358 [Transaction] データフロー: Transaction → PriceManager → StockProcessor
11:26:45.359 [Transaction] 停止するにはCtrl+Cを押してください
11:26:45.362 ERROR: [Transaction] ERROR: PriceManager双方向通信接続エラー: Connection refused
11:26:45.503 [Transaction] 新しいクライアントが接続しました: /127.0.0.1:32856
11:26:45.506 [PriceManager] Transactionサーバー接続完了
11:26:45.506 [Transaction] 現在の接続クライアント数: 1
11:26:45.513 [PriceManager] Transaction通信用サーバー開始: ポート 2103
11:26:45.517 [PriceManager] StockProcessor待受サーバー開始: ポート 2003
11:26:45.518 [PriceManager] StockProcessorの接続を待機中...
11:26:45.568 [PriceManager] 初期価格データ読み込み開始 (期待銘柄数: 300)
11:26:45.576 [PriceManager] CSVヘッダー: stock_id,price,timestamp,stock_name,company_type,market_type
11:26:45.683 [PriceManager] ✓ initial_prices.csv から初期価格データ読み込み完了: 300銘柄
11:26:45.685 [PriceManager]   株ID範囲: 1-300 すべて確認済み
11:26:45.730 [PriceManager]   読み込み価格統計:
11:26:45.731 [PriceManager]     最低価格: 100円
11:26:45.732 [PriceManager]     最高価格: 9999円
11:26:45.786 [PriceManager]     平均価格: 3911円
11:26:45.835 [PriceManager]     価格分布: 1000円未満=15銘柄, 1000-2000円=66銘柄, 2000円以上=219銘柄
11:26:45.837 [PriceManager] PriceManagerサーバー準備完了
11:26:45.838 [PriceManager] データフロー: Transaction → PriceManager → StockProcessor
11:26:45.839 [PriceManager] Transaction受信開始...
11:26:46.363 [Transaction] PriceManagerサーバーに接続試行中... (試行 2/10)
11:26:46.369 [Transaction] ✓ PriceManagerサーバー接続完了
11:26:46.372 [PriceManager] === StockProcessorが接続しました ===
11:26:46.372 [PriceManager] 接続元: /127.0.0.1:34748
11:26:46.372 [PriceManager] 現在のStockProcessor接続数: 1
11:26:46.372 [PriceManager] === StockProcessor接続処理開始 ===
11:26:46.378 [Transaction] PriceManager接続完了 - 取引データ生成開始
11:26:46.459 [PriceManager] ✓ 初期価格データ送信完了: 300銘柄
11:26:46.485 [PriceManager]   価格範囲: 100 ～ 9999円
11:26:46.486 [PriceManager] StockProcessor接続処理完了 - リアルタイムデータ送信開始
11:26:49.560 PriceManager サーバー起動完了
11:26:49.561 === プロセス状態確認 ===
11:26:49.582 Transaction プロセス: 正常動作中 (PID=551736)
11:26:49.583 PriceManager プロセス: 正常動作中 (PID=551772)
11:26:49.583 === ポート使用状況確認 ===
11:26:49.721 Transaction ポート 2002: リッスン中
11:26:49.762 PriceManager ポート 2003: リッスン中
11:26:49.825 ERROR: WebSocket ポート 8080: リッスンしていません
11:26:49.826 === 全サーバー起動完了 ===
11:26:49.827 データフロー: Transaction(生成) → PriceManager(価格付与) → StockProcessor(処理)
11:26:49.829 === 以下、各サービスの出力を監視します ===
11:26:49.829 ログファイル: system.log で詳細を確認できます
11:26:49.830 StockProcessor を起動中...
11:26:50.070 [Transaction] StockProcessor未接続のため、取引生成を待機中...
11:26:50.170 [Transaction] StockProcessor未接続のため、取引生成を待機中...
11:26:50.271 [Transaction] StockProcessor未接続のため、取引生成を待機中...
11:26:50.370 [Transaction] StockProcessor未接続のため、取引生成を待機中...
11:26:50.471 [Transaction] StockProcessor未接続のため、取引生成を待機中...
11:26:50.570 [Transaction] StockProcessor未接続のため、取引生成を待機中...
11:26:50.670 [Transaction] StockProcessor未接続のため、取引生成を待機中...
11:26:50.771 [Transaction] StockProcessor未接続のため、取引生成を待機中...
11:26:50.845 [PriceManager] 接続状況 - StockProcessor: 1接続
11:26:50.871 [Transaction] StockProcessor未接続のため、取引生成を待機中...
11:26:50.971 [Transaction] StockProcessor未接続のため、取引生成を待機中...
11:26:55.070 [Transaction] StockProcessor未接続のため、取引生成を待機中...
11:26:55.170 [Transaction] StockProcessor未接続のため、取引生成を待機中...
11:26:55.253 [PriceManager] === StockProcessorが接続しました ===
11:26:55.256 [PriceManager] 接続元: /127.0.0.1:57556
11:26:55.258 [PriceManager] 現在のStockProcessor接続数: 2
11:26:55.259 [PriceManager] === StockProcessor接続処理開始 ===
11:26:55.271 [Transaction] StockProcessor未接続のため、取引生成を待機中...
11:26:55.320 [PriceManager] ✓ 初期価格データ送信完了: 300銘柄
11:26:55.322 [PriceManager]   価格範囲: 100 ～ 9999円
11:26:55.323 [PriceManager] StockProcessor接続処理完了 - リアルタイムデータ送信開始
11:26:55.370 [Transaction] StockProcessor未接続のため、取引生成を待機中...
11:26:55.471 [Transaction] StockProcessor未接続のため、取引生成を待機中...
11:26:56.480 [PriceManager] 接続状況 - StockProcessor: 2接続
11:27:00.003 [Transaction] StockProcessor未接続のため、取引生成を待機中...
11:27:00.103 [Transaction] StockProcessor未接続のため、取引生成を待機中...
11:27:00.204 [Transaction] StockProcessor未接続のため、取引生成を待機中...
11:27:00.304 [Transaction] StockProcessor未接続のため、取引生成を待機中...
11:27:00.404 [Transaction] StockProcessor未接続のため、取引生成を待機中...
11:27:00.503 [Transaction] StockProcessor未接続のため、取引生成を待機中...
11:27:00.603 [Transaction] StockProcessor未接続のため、取引生成を待機中...
11:27:00.703 [Transaction] StockProcessor未接続のため、取引生成を待機中...
11:27:00.803 [Transaction] StockProcessor未接続のため、取引生成を待機中...
11:27:00.903 [Transaction] StockProcessor未接続のため、取引生成を待機中...
11:27:01.480 [PriceManager] 接続状況 - StockProcessor: 2接続
11:27:05.003 [Transaction] StockProcessor未接続のため、取引生成を待機中...
11:27:05.103 [Transaction] StockProcessor未接続のため、取引生成を待機中...
11:27:05.203 [Transaction] StockProcessor未接続のため、取引生成を待機中...
11:27:05.303 [Transaction] StockProcessor未接続のため、取引生成を待機中...
11:27:05.403 [Transaction] StockProcessor未接続のため、取引生成を待機中...
11:27:05.503 [Transaction] StockProcessor未接続のため、取引生成を待機中...
11:27:05.603 [Transaction] StockProcessor未接続のため、取引生成を待機中...
11:27:05.703 [Transaction] StockProcessor未接続のため、取引生成を待機中...
11:27:05.803 [Transaction] StockProcessor未接続のため、取引生成を待機中...
11:27:05.903 [Transaction] StockProcessor未接続のため、取引生成を待機中...
11:27:06.480 [PriceManager] 接続状況 - StockProcessor: 2接続
11:27:10.003 [Transaction] StockProcessor未接続のため、取引生成を待機中...
11:27:10.103 [Transaction] StockProcessor未接続のため、取引生成を待機中...
11:27:10.203 [Transaction] StockProcessor未接続のため、取引生成を待機中...
11:27:10.303 [Transaction] StockProcessor未接続のため、取引生成を待機中...
11:27:10.403 [Transaction] StockProcessor未接続のため、取引生成を待機中...
11:27:10.504 [Transaction] StockProcessor未接続のため、取引生成を待機中...
11:27:10.603 [Transaction] StockProcessor未接続のため、取引生成を待機中...
11:27:10.704 [Transaction] StockProcessor未接続のため、取引生成を待機中...
11:27:10.804 [Transaction] StockProcessor未接続のため、取引生成を待機中...
11:27:10.903 [Transaction] StockProcessor未接続のため、取引生成を待機中...
11:27:11.480 [PriceManager] 接続状況 - StockProcessor: 2接続
11:27:15.003 [Transaction] StockProcessor未接続のため、取引生成を待機中...
11:27:15.103 [Transaction] StockProcessor未接続のため、取引生成を待機中...
11:27:15.203 [Transaction] StockProcessor未接続のため、取引生成を待機中...
11:27:15.303 [Transaction] StockProcessor未接続のため、取引生成を待機中...
11:27:15.403 [Transaction] StockProcessor未接続のため、取引生成を待機中...
11:27:15.503 [Transaction] StockProcessor未接続のため、取引生成を待機中...
11:27:15.603 [Transaction] StockProcessor未接続のため、取引生成を待機中...
11:27:15.703 [Transaction] StockProcessor未接続のため、取引生成を待機中...
11:27:15.803 [Transaction] StockProcessor未接続のため、取引生成を待機中...
11:27:15.903 [Transaction] StockProcessor未接続のため、取引生成を待機中...
11:27:16.064 [Transaction] 
11:27:16.064 [Transaction] === Transaction サーバー停止中 ===
11:27:16.064 [Transaction] 最終保有株数統計:
11:27:16.064 [Transaction] 保有株数データなし
11:27:16.064 システム終了処理開始...
11:27:16.065 StockProcessor停止中...
11:27:16.089 [Transaction] Transaction Socketサーバーが停止されました
11:27:16.089 [Transaction] PriceManager双方向通信クローズ完了
11:27:16.089 [Transaction] PriceManager接続クローズ完了
11:27:16.089 [Transaction] Transaction サーバー停止完了
11:27:16.091 [PriceManager] 
11:27:16.091 [PriceManager] === PriceManager サーバー停止中 ===
11:27:16.091 [PriceManager] PriceManagerサーバー終了中...
11:27:16.093 [PriceManager] PriceManagerサーバー終了完了
11:27:16.093 [PriceManager] PriceManager サーバー停止完了
11:27:21.118 PriceManager停止中...
11:27:23.125 子プロセス終了中...
11:27:23.125 システム終了処理完了
=== ログ終了 - 2025-07-25 11:27:23 ===
